0 info it worked if it ends with ok
1 verbose cli [ '/Users/Berndbousard/.nvm/versions/node/v4.1.1/bin/node',
1 verbose cli   '/Users/Berndbousard/.nvm/versions/node/v4.1.1/bin/npm',
1 verbose cli   'run',
1 verbose cli   'develoment' ]
2 info using npm@3.5.0
3 info using node@v4.1.1
4 verbose stack Error: missing script: develoment
4 verbose stack     at run (/Users/Berndbousard/.nvm/versions/node/v4.1.1/lib/node_modules/npm/lib/run-script.js:147:19)
4 verbose stack     at /Users/Berndbousard/.nvm/versions/node/v4.1.1/lib/node_modules/npm/lib/run-script.js:57:5
4 verbose stack     at /Users/Berndbousard/.nvm/versions/node/v4.1.1/lib/node_modules/npm/node_modules/read-package-json/read-json.js:345:5
4 verbose stack     at checkBinReferences_ (/Users/Berndbousard/.nvm/versions/node/v4.1.1/lib/node_modules/npm/node_modules/read-package-json/read-json.js:309:45)
4 verbose stack     at final (/Users/Berndbousard/.nvm/versions/node/v4.1.1/lib/node_modules/npm/node_modules/read-package-json/read-json.js:343:3)
4 verbose stack     at then (/Users/Berndbousard/.nvm/versions/node/v4.1.1/lib/node_modules/npm/node_modules/read-package-json/read-json.js:113:5)
4 verbose stack     at /Users/Berndbousard/.nvm/versions/node/v4.1.1/lib/node_modules/npm/node_modules/read-package-json/read-json.js:232:12
4 verbose stack     at /Users/Berndbousard/.nvm/versions/node/v4.1.1/lib/node_modules/npm/node_modules/graceful-fs/graceful-fs.js:76:16
4 verbose stack     at FSReqWrap.readFileAfterClose [as oncomplete] (fs.js:380:3)
5 verbose cwd /Users/Berndbousard/Documents/Devine/Devine 2015-2016/SEM II/Major IV/MAIV - BOEK/KLAS/admin
6 error Darwin 15.3.0
7 error argv "/Users/Berndbousard/.nvm/versions/node/v4.1.1/bin/node" "/Users/Berndbousard/.nvm/versions/node/v4.1.1/bin/npm" "run" "develoment"
8 error node v4.1.1
9 error npm  v3.5.0
10 error missing script: develoment
11 error If you need help, you may report this error at:
11 error     <https://github.com/npm/npm/issues>
12 verbose exit [ 1, true ]
